RF24/examples/GettingStarted/
================ SPI Configuration ================
CSN Pin  	 = CE0 (PI Hardware Driven)
CE Pin  	 = Custom GPIO22
Clock Speed	 = 8 Mhz
================ NRF Configuration ================
STATUS		 = 0x0e RX_DR=0 TX_DS=0 MAX_RT=0 RX_P_NO=7 TX_FULL=0
RX_ADDR_P0-1	 = 0x65646f4e31 0x65646f4e32
RX_ADDR_P2-5	 = 0xc3 0xc4 0xc5 0xc6
TX_ADDR		 = 0x65646f4e31
RX_PW_P0-6	 = 0x20 0x20 0x00 0x00 0x00 0x00
EN_AA		 = 0x3f
EN_RXADDR	 = 0x03
RF_CH		 = 0x4c
RF_SETUP	 = 0x07
CONFIG		 = 0x0e
DYNPD/FEATURE	 = 0x00 0x00
Data Rate	 = 1MBPS
Model		 = nRF24L01+
CRC Length	 = 16 bits
PA Power	 = PA_MAX
Now sending...
Have sent: 0  safe!
Now sending...
Have sent: tail: /home/myk/RF24-master/examples_linux/input.txt: file truncated
Now sending...
Have sent: 0  safe!
Now sending...
Have sent: tail: /home/myk/RF24-master/examples_linux/input.txt: file truncated
Now sending...
Have sent: 0  safe!
Now sending...
Have sent: tail: /home/myk/RF24-master/examples_linux/input.txt: file truncated
Now sending...
Have sent: 0  safe!
Now sending...
Have sent: tail: /home/myk/RF24-master/examples_linux/input.txt: file truncated
Now sending...
Have sent: 0  safe!
Now sending...
Have sent: tail: /home/myk/RF24-master/examples_linux/input.txt: file truncated
Now sending...
Have sent: 0  safe!
Now sending...
Have sent: tail: /home/myk/RF24-master/examples_linux/input.txt: file truncated
Now sending...
Have sent: 0  safe!
Now sending...
Have sent: tail: /home/myk/RF24-master/examples_linux/input.txt: file truncated
Now sending...
Have sent: 0  safe!
Now sending...
Have sent: tail: /home/myk/RF24-master/examples_linux/input.txt: file truncated
Now sending...
Have sent: 0  safe!
Now sending...
Have sent: tail: /home/myk/RF24-master/examples_linux/input.txt: file truncated
Now sending...
Have sent: 0  safe!
Now sending...
Have sent: tail: /home/myk/RF24-master/examples_linux/input.txt: file truncated
Now sending...
Have sent: 0  safe!
Now sending...
Have sent: tail: /home/myk/RF24-master/examples_linux/input.txt: file truncated
Now sending...
Have sent: 0  safe!
Now sending...
Have sent: tail: /home/myk/RF24-master/examples_linux/input.txt: file truncated
Now sending...
Have sent: 0  safe!
Now sending...
Have sent: tail: /home/myk/RF24-master/examples_linux/input.txt: file truncated
Now sending...
Have sent: 0  safe!
Now sending...
Have sent: tail: /home/myk/RF24-master/examples_linux/input.txt: file truncated
Now sending...
Have sent: 0  safe!
Now sending...
Have sent: tail: /home/myk/RF24-master/examples_linux/input.txt: file truncated
Now sending...
Have sent: 0  safe!
Now sending...
Have sent: tail: /home/myk/RF24-master/examples_linux/input.txt: file truncated
Now sending...
Have sent: 0  safe!
Now sending...
Have sent: tail: /home/myk/RF24-master/examples_linux/input.txt: file truncated
Now sending...
Have sent: 0  safe!
Now sending...
Have sent: tail: /home/myk/RF24-master/examples_linux/input.txt: file truncated
Now sending...
Have sent: 0  safe!
Now sending...
Have sent: tail: /home/myk/RF24-master/examples_linux/input.txt: file truncated
Now sending...
Have sent: 0  safe!
Now sending...
Have sent: tail: /home/myk/RF24-master/examples_linux/input.txt: file truncated
Now sending...
Have sent: 0  safe!
Now sending...
Have sent: tail: /home/myk/RF24-master/examples_linux/input.txt: file truncated
Now sending...
Have sent: 0  safe!
Now sending...
Have sent: tail: /home/myk/RF24-master/examples_linux/input.txt: file truncated
Now sending...
Have sent: 0  safe!
Now sending...
Have sent: tail: /home/myk/RF24-master/examples_linux/input.txt: file truncated
Now sending...
Have sent: 0  safe!
Now sending...
Have sent: tail: /home/myk/RF24-master/examples_linux/input.txt: file truncated
Now sending...
Have sent: 0  safe!
Now sending...
Have sent: tail: /home/myk/RF24-master/examples_linux/input.txt: file truncated
Now sending...
Have sent: 0  safe!
Now sending...
Have sent: tail: /home/myk/RF24-master/examples_linux/input.txt: file truncated
Now sending...
Have sent: 0  safe!
Now sending...
Have sent: tail: /home/myk/RF24-master/examples_linux/input.txt: file truncated
Now sending...
Have sent: 0  safe!
Now sending...
Have sent: tail: /home/myk/RF24-master/examples_linux/input.txt: file truncated
Now sending...
Have sent: 0  safe!
Now sending...
Have sent: tail: /home/myk/RF24-master/examples_linux/input.txt: file truncated
Now sending...
Have sent: 0  safe!
Now sending...
Have sent: tail: /home/myk/RF24-master/examples_linux/input.txt: file truncated
Now sending...
Have sent: 0  safe!
Now sending...
Have sent: tail: /home/myk/RF24-master/examples_linux/input.txt: file truncated
Now sending...
Have sent: 0  safe!
Now sending...
Have sent: tail: /home/myk/RF24-master/examples_linux/input.txt: file truncated
Now sending...
Have sent: 0  safe!
Now sending...
Have sent: tail: /home/myk/RF24-master/examples_linux/input.txt: file truncated
Now sending...
Have sent: 0  safe!
Now sending...
Have sent: tail: /home/myk/RF24-master/examples_linux/input.txt: file truncated
Now sending...
Have sent: 0  safe!
Now sending...
Have sent: tail: /home/myk/RF24-master/examples_linux/input.txt: file truncated
Now sending...
Have sent: 0  safe!
Now sending...
Have sent: tail: /home/myk/RF24-master/examples_linux/input.txt: file truncated
Now sending...
Have sent: 0  safe!
Now sending...
